nohup: ignoring input
2023-03-07 15:55:04,768 - INFO - Trades happening in this time interval as follows
2023-03-07 15:55:04,769 - INFO - BIDDER: Vinayak | INSTRUMENT: Rakuten | BID TYPE: Buy | BID TIME: 09-32-25| BID PRICE:  419 INR| STATUS: BOUGHT   | TRANSACTION_TIME: 2023-02-28 09:33:40
2023-03-07 15:55:04,769 - INFO - BIDDER: Vinayak | INSTRUMENT: Rakuten | BID TYPE: Sell| BID TIME: 09-33-40| BID PRICE:  419 INR| STATUS: SOLD     | TRANSACTION_TIME: 2023-02-28 09:33:40
2023-03-07 15:55:04,769 - INFO - Trades happening in this time interval as follows
2023-03-07 15:55:04,769 - INFO - BIDDER: Vinayak | INSTRUMENT: Rakuten | BID TYPE: Buy | BID TIME: 09-32-25| BID PRICE:  419 INR| STATUS: BOUGHT   | TRANSACTION_TIME: 2023-02-28 09:33:40
2023-03-07 15:55:04,769 - INFO - BIDDER: Vinayak | INSTRUMENT: Rakuten | BID TYPE: Sell| BID TIME: 09-33-40| BID PRICE:  419 INR| STATUS: SOLD     | TRANSACTION_TIME: 2023-02-28 09:33:40
2023-03-07 15:55:04,769 - INFO - Trades happening in this time interval as follows
2023-03-07 15:55:04,769 - INFO - BIDDER: Vinayak | INSTRUMENT: Rakuten | BID TYPE: Buy | BID TIME: 09-32-25| BID PRICE:  419 INR| STATUS: BOUGHT   | TRANSACTION_TIME: 2023-02-28 09:33:40
2023-03-07 15:55:04,769 - INFO - BIDDER: Vinayak | INSTRUMENT: Rakuten | BID TYPE: Sell| BID TIME: 09-33-40| BID PRICE:  419 INR| STATUS: SOLD     | TRANSACTION_TIME: 2023-02-28 09:33:40
2023-03-07 15:55:04,769 - INFO - Trades happening in this time interval as follows
2023-03-07 15:55:04,770 - INFO - BIDDER: Vinayak | INSTRUMENT: Rakuten | BID TYPE: Buy | BID TIME: 09-32-25| BID PRICE:  419 INR| STATUS: BOUGHT   | TRANSACTION_TIME: 2023-02-28 09:33:40
2023-03-07 15:55:04,770 - INFO - BIDDER: Vinayak | INSTRUMENT: Rakuten | BID TYPE: Sell| BID TIME: 09-33-40| BID PRICE:  419 INR| STATUS: SOLD     | TRANSACTION_TIME: 2023-02-28 09:33:40
2023-03-07 15:55:04,770 - INFO - Trades happening in this time interval as follows
2023-03-07 15:55:04,770 - INFO - BIDDER: Vinayak | INSTRUMENT: Rakuten | BID TYPE: Buy | BID TIME: 09-32-25| BID PRICE:  419 INR| STATUS: BOUGHT   | TRANSACTION_TIME: 2023-02-28 09:33:40
2023-03-07 15:55:04,770 - INFO - BIDDER: Vinayak | INSTRUMENT: Rakuten | BID TYPE: Sell| BID TIME: 09-33-40| BID PRICE:  419 INR| STATUS: SOLD     | TRANSACTION_TIME: 2023-02-28 09:33:40
2023-03-07 15:56:14,919 - INFO - Trades happening in this time interval as follows
2023-03-07 15:56:14,919 - INFO - BIDDER: Praveen | INSTRUMENT: Rakuten | BID TYPE: Buy | BID TIME: 09-33-55| BID PRICE:  391 INR| STATUS: BOUGHT   | TRANSACTION_TIME: 2023-02-28 09:34:50
2023-03-07 15:56:14,919 - INFO - BIDDER: Shreysi | INSTRUMENT: Rakuten | BID TYPE: Sell| BID TIME: 09-34-50| BID PRICE:  391 INR| STATUS: SOLD     | TRANSACTION_TIME: 2023-02-28 09:34:50
2023-03-07 15:56:14,920 - INFO - Trades happening in this time interval as follows
2023-03-07 15:56:14,920 - INFO - BIDDER: Praveen | INSTRUMENT: Rakuten | BID TYPE: Buy | BID TIME: 09-33-55| BID PRICE:  391 INR| STATUS: BOUGHT   | TRANSACTION_TIME: 2023-02-28 09:34:50
2023-03-07 15:56:14,920 - INFO - BIDDER: Shreysi | INSTRUMENT: Rakuten | BID TYPE: Sell| BID TIME: 09-34-50| BID PRICE:  391 INR| STATUS: SOLD     | TRANSACTION_TIME: 2023-02-28 09:34:50
2023-03-07 15:56:14,920 - INFO - Trades happening in this time interval as follows
2023-03-07 15:56:14,920 - INFO - BIDDER: Praveen | INSTRUMENT: Rakuten | BID TYPE: Buy | BID TIME: 09-33-55| BID PRICE:  391 INR| STATUS: BOUGHT   | TRANSACTION_TIME: 2023-02-28 09:34:50
2023-03-07 15:56:14,920 - INFO - BIDDER: Shreysi | INSTRUMENT: Rakuten | BID TYPE: Sell| BID TIME: 09-34-50| BID PRICE:  391 INR| STATUS: SOLD     | TRANSACTION_TIME: 2023-02-28 09:34:50
2023-03-07 15:56:14,920 - INFO - Trades happening in this time interval as follows
2023-03-07 15:56:14,920 - INFO - BIDDER: Praveen | INSTRUMENT: Rakuten | BID TYPE: Buy | BID TIME: 09-33-55| BID PRICE:  391 INR| STATUS: BOUGHT   | TRANSACTION_TIME: 2023-02-28 09:34:50
2023-03-07 15:56:14,920 - INFO - BIDDER: Shreysi | INSTRUMENT: Rakuten | BID TYPE: Sell| BID TIME: 09-34-50| BID PRICE:  391 INR| STATUS: SOLD     | TRANSACTION_TIME: 2023-02-28 09:34:50
2023-03-07 15:56:44,984 - INFO - Trades happening in this time interval as follows
2023-03-07 15:56:44,984 - INFO - BIDDER: Shreysi | INSTRUMENT: Rakuten | BID TYPE: Buy | BID TIME: 09-33-05| BID PRICE:  412 INR| STATUS: BOUGHT   | TRANSACTION_TIME: 2023-02-28 09:35:20
2023-03-07 15:56:44,984 - INFO - BIDDER: Vinayak | INSTRUMENT: Rakuten | BID TYPE: Sell| BID TIME: 09-35-20| BID PRICE:  412 INR| STATUS: SOLD     | TRANSACTION_TIME: 2023-02-28 09:35:20
2023-03-07 15:56:44,985 - INFO - Trades happening in this time interval as follows
2023-03-07 15:56:44,985 - INFO - BIDDER: Shreysi | INSTRUMENT: Rakuten | BID TYPE: Buy | BID TIME: 09-33-05| BID PRICE:  412 INR| STATUS: BOUGHT   | TRANSACTION_TIME: 2023-02-28 09:35:20
2023-03-07 15:56:44,985 - INFO - BIDDER: Vinayak | INSTRUMENT: Rakuten | BID TYPE: Sell| BID TIME: 09-35-20| BID PRICE:  412 INR| STATUS: SOLD     | TRANSACTION_TIME: 2023-02-28 09:35:20
2023-03-07 15:57:35,099 - INFO - Trades happening in this time interval as follows
2023-03-07 15:57:35,099 - INFO - BIDDER: Vinayak | INSTRUMENT: Rakuten | BID TYPE: Buy | BID TIME: 09-35-05| BID PRICE:  417 INR| STATUS: BOUGHT   | TRANSACTION_TIME: 2023-02-28 09:36:10
2023-03-07 15:57:35,099 - INFO - BIDDER: Shreysi | INSTRUMENT: Rakuten | BID TYPE: Sell| BID TIME: 09-36-10| BID PRICE:  417 INR| STATUS: SOLD     | TRANSACTION_TIME: 2023-02-28 09:36:10
2023-03-07 15:57:35,099 - INFO - Trades happening in this time interval as follows
2023-03-07 15:57:35,099 - INFO - BIDDER: Vinayak | INSTRUMENT: Rakuten | BID TYPE: Buy | BID TIME: 09-35-05| BID PRICE:  417 INR| STATUS: BOUGHT   | TRANSACTION_TIME: 2023-02-28 09:36:10
2023-03-07 15:57:35,099 - INFO - BIDDER: Shreysi | INSTRUMENT: Rakuten | BID TYPE: Sell| BID TIME: 09-36-10| BID PRICE:  417 INR| STATUS: SOLD     | TRANSACTION_TIME: 2023-02-28 09:36:10
2023-03-07 15:57:35,099 - INFO - Trades happening in this time interval as follows
2023-03-07 15:57:35,099 - INFO - BIDDER: Vinayak | INSTRUMENT: Rakuten | BID TYPE: Buy | BID TIME: 09-35-05| BID PRICE:  417 INR| STATUS: BOUGHT   | TRANSACTION_TIME: 2023-02-28 09:36:10
2023-03-07 15:57:35,099 - INFO - BIDDER: Shreysi | INSTRUMENT: Rakuten | BID TYPE: Sell| BID TIME: 09-36-10| BID PRICE:  417 INR| STATUS: SOLD     | TRANSACTION_TIME: 2023-02-28 09:36:10
2023-03-07 15:57:35,099 - INFO - Trades happening in this time interval as follows
2023-03-07 15:57:35,099 - INFO - BIDDER: Vinayak | INSTRUMENT: Rakuten | BID TYPE: Buy | BID TIME: 09-35-05| BID PRICE:  417 INR| STATUS: BOUGHT   | TRANSACTION_TIME: 2023-02-28 09:36:10
2023-03-07 15:57:35,099 - INFO - BIDDER: Shreysi | INSTRUMENT: Rakuten | BID TYPE: Sell| BID TIME: 09-36-10| BID PRICE:  417 INR| STATUS: SOLD     | TRANSACTION_TIME: 2023-02-28 09:36:10
2023-03-07 15:57:35,099 - INFO - Trades happening in this time interval as follows
2023-03-07 15:57:35,100 - INFO - BIDDER: Vinayak | INSTRUMENT: Rakuten | BID TYPE: Buy | BID TIME: 09-35-05| BID PRICE:  417 INR| STATUS: BOUGHT   | TRANSACTION_TIME: 2023-02-28 09:36:10
2023-03-07 15:57:35,100 - INFO - BIDDER: Shreysi | INSTRUMENT: Rakuten | BID TYPE: Sell| BID TIME: 09-36-10| BID PRICE:  417 INR| STATUS: SOLD     | TRANSACTION_TIME: 2023-02-28 09:36:10
2023-03-07 15:58:21,201 - INFO - Trades happening in this time interval as follows
2023-03-07 15:58:21,201 - INFO - BIDDER: Vinayak | INSTRUMENT: Rakuten | BID TYPE: Buy | BID TIME: 09-36-35| BID PRICE:  418 INR| STATUS: BOUGHT   | TRANSACTION_TIME: 2023-02-28 09:36:55
2023-03-07 15:58:21,201 - INFO - BIDDER: Praveen | INSTRUMENT: Rakuten | BID TYPE: Sell| BID TIME: 09-36-55| BID PRICE:  418 INR| STATUS: SOLD     | TRANSACTION_TIME: 2023-02-28 09:36:55
2023-03-07 15:58:39,243 - INFO - Trades happening in this time interval as follows
2023-03-07 15:58:39,243 - INFO - BIDDER: Vinayak | INSTRUMENT: Rakuten | BID TYPE: Buy | BID TIME: 09-30-05| BID PRICE:  393 INR| STATUS: BOUGHT   | TRANSACTION_TIME: 2023-02-28 09:37:15
2023-03-07 15:58:39,243 - INFO - BIDDER: Vinayak | INSTRUMENT: Rakuten | BID TYPE: Sell| BID TIME: 09-37-15| BID PRICE:  393 INR| STATUS: SOLD     | TRANSACTION_TIME: 2023-02-28 09:37:15
2023-03-07 15:58:39,243 - INFO - Trades happening in this time interval as follows
2023-03-07 15:58:39,243 - INFO - BIDDER: Vinayak | INSTRUMENT: Rakuten | BID TYPE: Buy | BID TIME: 09-30-05| BID PRICE:  393 INR| STATUS: BOUGHT   | TRANSACTION_TIME: 2023-02-28 09:37:15
2023-03-07 15:58:39,243 - INFO - BIDDER: Vinayak | INSTRUMENT: Rakuten | BID TYPE: Sell| BID TIME: 09-37-15| BID PRICE:  393 INR| STATUS: SOLD     | TRANSACTION_TIME: 2023-02-28 09:37:15
2023-03-07 15:58:39,243 - INFO - Trades happening in this time interval as follows
2023-03-07 15:58:39,244 - INFO - BIDDER: Praveen | INSTRUMENT: Rakuten | BID TYPE: Buy | BID TIME: 09-35-55| BID PRICE:  393 INR| STATUS: BOUGHT   | TRANSACTION_TIME: 2023-02-28 09:37:15
2023-03-07 15:58:39,244 - INFO - BIDDER: Vinayak | INSTRUMENT: Rakuten | BID TYPE: Sell| BID TIME: 09-37-15| BID PRICE:  393 INR| STATUS: SOLD     | TRANSACTION_TIME: 2023-02-28 09:37:15
2023-03-07 15:58:39,244 - INFO - Trades happening in this time interval as follows
2023-03-07 15:58:39,244 - INFO - BIDDER: Praveen | INSTRUMENT: Rakuten | BID TYPE: Buy | BID TIME: 09-35-55| BID PRICE:  393 INR| STATUS: BOUGHT   | TRANSACTION_TIME: 2023-02-28 09:37:15
2023-03-07 15:58:39,244 - INFO - BIDDER: Vinayak | INSTRUMENT: Rakuten | BID TYPE: Sell| BID TIME: 09-37-15| BID PRICE:  393 INR| STATUS: SOLD     | TRANSACTION_TIME: 2023-02-28 09:37:15
2023-03-07 15:58:39,244 - INFO - Trades happening in this time interval as follows
2023-03-07 15:58:39,244 - INFO - BIDDER: Praveen | INSTRUMENT: Rakuten | BID TYPE: Buy | BID TIME: 09-35-55| BID PRICE:  393 INR| STATUS: BOUGHT   | TRANSACTION_TIME: 2023-02-28 09:37:15
2023-03-07 15:58:39,244 - INFO - BIDDER: Vinayak | INSTRUMENT: Rakuten | BID TYPE: Sell| BID TIME: 09-37-15| BID PRICE:  393 INR| STATUS: SOLD     | TRANSACTION_TIME: 2023-02-28 09:37:15
2023-03-07 15:58:39,244 - INFO - Trades happening in this time interval as follows
2023-03-07 15:58:39,244 - INFO - BIDDER: Praveen | INSTRUMENT: Rakuten | BID TYPE: Buy | BID TIME: 09-35-55| BID PRICE:  393 INR| STATUS: BOUGHT   | TRANSACTION_TIME: 2023-02-28 09:37:15
2023-03-07 15:58:39,244 - INFO - BIDDER: Vinayak | INSTRUMENT: Rakuten | BID TYPE: Sell| BID TIME: 09-37-15| BID PRICE:  393 INR| STATUS: SOLD     | TRANSACTION_TIME: 2023-02-28 09:37:15
2023-03-07 15:58:39,244 - INFO - Trades happening in this time interval as follows
2023-03-07 15:58:39,244 - INFO - BIDDER: Praveen | INSTRUMENT: Rakuten | BID TYPE: Buy | BID TIME: 09-35-55| BID PRICE:  393 INR| STATUS: BOUGHT   | TRANSACTION_TIME: 2023-02-28 09:37:15
2023-03-07 15:58:39,244 - INFO - BIDDER: Vinayak | INSTRUMENT: Rakuten | BID TYPE: Sell| BID TIME: 09-37-15| BID PRICE:  393 INR| STATUS: SOLD     | TRANSACTION_TIME: 2023-02-28 09:37:15
2023-03-07 16:01:15,748 - INFO - Trades happening in this time interval as follows
2023-03-07 16:01:15,748 - INFO - BIDDER: Vinayak | INSTRUMENT: Rakuten | BID TYPE: Buy | BID TIME: 09-30-00| BID PRICE:  398 INR| STATUS: BOUGHT   | TRANSACTION_TIME: 2023-02-28 09:39:50
2023-03-07 16:01:15,749 - INFO - BIDDER: Vinayak | INSTRUMENT: Rakuten | BID TYPE: Sell| BID TIME: 09-39-50| BID PRICE:  398 INR| STATUS: SOLD     | TRANSACTION_TIME: 2023-02-28 09:39:50
2023-03-07 16:01:15,749 - INFO - Trades happening in this time interval as follows
2023-03-07 16:01:15,749 - INFO - BIDDER: Praveen | INSTRUMENT: Rakuten | BID TYPE: Buy | BID TIME: 09-30-25| BID PRICE:  398 INR| STATUS: BOUGHT   | TRANSACTION_TIME: 2023-02-28 09:39:50
2023-03-07 16:01:15,749 - INFO - BIDDER: Vinayak | INSTRUMENT: Rakuten | BID TYPE: Sell| BID TIME: 09-39-50| BID PRICE:  398 INR| STATUS: SOLD     | TRANSACTION_TIME: 2023-02-28 09:39:50
2023-03-07 16:01:15,749 - INFO - Trades happening in this time interval as follows
2023-03-07 16:01:15,749 - INFO - BIDDER: Praveen | INSTRUMENT: Rakuten | BID TYPE: Buy | BID TIME: 09-30-25| BID PRICE:  398 INR| STATUS: BOUGHT   | TRANSACTION_TIME: 2023-02-28 09:39:50
2023-03-07 16:01:15,749 - INFO - BIDDER: Vinayak | INSTRUMENT: Rakuten | BID TYPE: Sell| BID TIME: 09-39-50| BID PRICE:  398 INR| STATUS: SOLD     | TRANSACTION_TIME: 2023-02-28 09:39:50
2023-03-07 16:01:15,750 - INFO - Trades happening in this time interval as follows
2023-03-07 16:01:15,750 - INFO - BIDDER: Praveen | INSTRUMENT: Rakuten | BID TYPE: Buy | BID TIME: 09-32-05| BID PRICE:  398 INR| STATUS: BOUGHT   | TRANSACTION_TIME: 2023-02-28 09:39:50
2023-03-07 16:01:15,750 - INFO - BIDDER: Vinayak | INSTRUMENT: Rakuten | BID TYPE: Sell| BID TIME: 09-39-50| BID PRICE:  398 INR| STATUS: SOLD     | TRANSACTION_TIME: 2023-02-28 09:39:50
2023-03-07 16:01:15,750 - INFO - Trades happening in this time interval as follows
2023-03-07 16:01:15,750 - INFO - BIDDER: Praveen | INSTRUMENT: Rakuten | BID TYPE: Buy | BID TIME: 09-32-05| BID PRICE:  398 INR| STATUS: BOUGHT   | TRANSACTION_TIME: 2023-02-28 09:39:50
2023-03-07 16:01:15,750 - INFO - BIDDER: Vinayak | INSTRUMENT: Rakuten | BID TYPE: Sell| BID TIME: 09-39-50| BID PRICE:  398 INR| STATUS: SOLD     | TRANSACTION_TIME: 2023-02-28 09:39:50
2023-03-07 16:01:15,750 - INFO - Trades happening in this time interval as follows
2023-03-07 16:01:15,751 - INFO - BIDDER: Praveen | INSTRUMENT: Rakuten | BID TYPE: Buy | BID TIME: 09-32-05| BID PRICE:  398 INR| STATUS: BOUGHT   | TRANSACTION_TIME: 2023-02-28 09:39:50
2023-03-07 16:01:15,751 - INFO - BIDDER: Vinayak | INSTRUMENT: Rakuten | BID TYPE: Sell| BID TIME: 09-39-50| BID PRICE:  398 INR| STATUS: SOLD     | TRANSACTION_TIME: 2023-02-28 09:39:50
2023-03-07 16:01:15,751 - INFO - Trades happening in this time interval as follows
2023-03-07 16:01:15,751 - INFO - BIDDER: Praveen | INSTRUMENT: Rakuten | BID TYPE: Buy | BID TIME: 09-32-05| BID PRICE:  398 INR| STATUS: BOUGHT   | TRANSACTION_TIME: 2023-02-28 09:39:50
2023-03-07 16:01:15,751 - INFO - BIDDER: Vinayak | INSTRUMENT: Rakuten | BID TYPE: Sell| BID TIME: 09-39-50| BID PRICE:  398 INR| STATUS: SOLD     | TRANSACTION_TIME: 2023-02-28 09:39:50
2023-03-07 16:01:15,751 - INFO - Trades happening in this time interval as follows
2023-03-07 16:01:15,751 - INFO - BIDDER: Praveen | INSTRUMENT: Rakuten | BID TYPE: Buy | BID TIME: 09-32-05| BID PRICE:  398 INR| STATUS: BOUGHT   | TRANSACTION_TIME: 2023-02-28 09:39:50
2023-03-07 16:01:15,752 - INFO - BIDDER: Vinayak | INSTRUMENT: Rakuten | BID TYPE: Sell| BID TIME: 09-39-50| BID PRICE:  398 INR| STATUS: SOLD     | TRANSACTION_TIME: 2023-02-28 09:39:50
2023-03-07 16:03:50,404 - INFO - Trades happening in this time interval as follows
2023-03-07 16:03:50,404 - INFO - BIDDER: Praveen | INSTRUMENT: Rakuten | BID TYPE: Buy | BID TIME: 09-40-20| BID PRICE:  420 INR| STATUS: BOUGHT   | TRANSACTION_TIME: 2023-02-28 09:42:25
2023-03-07 16:03:50,404 - INFO - BIDDER: Shreysi | INSTRUMENT: Rakuten | BID TYPE: Sell| BID TIME: 09-42-25| BID PRICE:  420 INR| STATUS: SOLD     | TRANSACTION_TIME: 2023-02-28 09:42:25
2023-03-07 16:03:50,404 - INFO - Trades happening in this time interval as follows
2023-03-07 16:03:50,404 - INFO - BIDDER: Praveen | INSTRUMENT: Rakuten | BID TYPE: Buy | BID TIME: 09-40-20| BID PRICE:  420 INR| STATUS: BOUGHT   | TRANSACTION_TIME: 2023-02-28 09:42:25
2023-03-07 16:03:50,404 - INFO - BIDDER: Shreysi | INSTRUMENT: Rakuten | BID TYPE: Sell| BID TIME: 09-42-25| BID PRICE:  420 INR| STATUS: SOLD     | TRANSACTION_TIME: 2023-02-28 09:42:25
2023-03-07 16:03:50,404 - INFO - Trades happening in this time interval as follows
2023-03-07 16:03:50,405 - INFO - BIDDER: Praveen | INSTRUMENT: Rakuten | BID TYPE: Buy | BID TIME: 09-40-20| BID PRICE:  420 INR| STATUS: BOUGHT   | TRANSACTION_TIME: 2023-02-28 09:42:25
2023-03-07 16:03:50,405 - INFO - BIDDER: Shreysi | INSTRUMENT: Rakuten | BID TYPE: Sell| BID TIME: 09-42-25| BID PRICE:  420 INR| STATUS: SOLD     | TRANSACTION_TIME: 2023-02-28 09:42:25
2023-03-07 16:03:50,405 - INFO - Trades happening in this time interval as follows
2023-03-07 16:03:50,405 - INFO - BIDDER: Praveen | INSTRUMENT: Rakuten | BID TYPE: Buy | BID TIME: 09-40-20| BID PRICE:  420 INR| STATUS: BOUGHT   | TRANSACTION_TIME: 2023-02-28 09:42:25
2023-03-07 16:03:50,405 - INFO - BIDDER: Shreysi | INSTRUMENT: Rakuten | BID TYPE: Sell| BID TIME: 09-42-25| BID PRICE:  420 INR| STATUS: SOLD     | TRANSACTION_TIME: 2023-02-28 09:42:25
2023-03-07 16:04:30,586 - INFO - Trades happening in this time interval as follows
2023-03-07 16:04:30,586 - INFO - BIDDER: Vinayak | INSTRUMENT: Rakuten | BID TYPE: Buy | BID TIME: 09-38-00| BID PRICE:  403 INR| STATUS: BOUGHT   | TRANSACTION_TIME: 2023-02-28 09:43:05
2023-03-07 16:04:30,586 - INFO - BIDDER: Vinayak | INSTRUMENT: Rakuten | BID TYPE: Sell| BID TIME: 09-43-05| BID PRICE:  403 INR| STATUS: SOLD     | TRANSACTION_TIME: 2023-02-28 09:43:05
2023-03-07 16:04:30,586 - INFO - Trades happening in this time interval as follows
2023-03-07 16:04:30,586 - INFO - BIDDER: Vinayak | INSTRUMENT: Rakuten | BID TYPE: Buy | BID TIME: 09-38-00| BID PRICE:  403 INR| STATUS: BOUGHT   | TRANSACTION_TIME: 2023-02-28 09:43:05
2023-03-07 16:04:30,586 - INFO - BIDDER: Vinayak | INSTRUMENT: Rakuten | BID TYPE: Sell| BID TIME: 09-43-05| BID PRICE:  403 INR| STATUS: SOLD     | TRANSACTION_TIME: 2023-02-28 09:43:05
2023-03-07 16:04:30,586 - INFO - Trades happening in this time interval as follows
2023-03-07 16:04:30,586 - INFO - BIDDER: Vinayak | INSTRUMENT: Rakuten | BID TYPE: Buy | BID TIME: 09-38-00| BID PRICE:  403 INR| STATUS: BOUGHT   | TRANSACTION_TIME: 2023-02-28 09:43:05
2023-03-07 16:04:30,587 - INFO - BIDDER: Vinayak | INSTRUMENT: Rakuten | BID TYPE: Sell| BID TIME: 09-43-05| BID PRICE:  403 INR| STATUS: SOLD     | TRANSACTION_TIME: 2023-02-28 09:43:05
2023-03-07 16:04:36,629 - INFO - Trades happening in this time interval as follows
2023-03-07 16:04:36,629 - INFO - BIDDER: Vinayak | INSTRUMENT: Rakuten | BID TYPE: Buy | BID TIME: 09-31-50| BID PRICE:  405 INR| STATUS: BOUGHT   | TRANSACTION_TIME: 2023-02-28 09:43:10
2023-03-07 16:04:36,629 - INFO - BIDDER: Vinayak | INSTRUMENT: Rakuten | BID TYPE: Sell| BID TIME: 09-43-10| BID PRICE:  405 INR| STATUS: SOLD     | TRANSACTION_TIME: 2023-02-28 09:43:10
2023-03-07 16:04:36,629 - INFO - Trades happening in this time interval as follows
2023-03-07 16:04:36,629 - INFO - BIDDER: Vinayak | INSTRUMENT: Rakuten | BID TYPE: Buy | BID TIME: 09-31-50| BID PRICE:  405 INR| STATUS: BOUGHT   | TRANSACTION_TIME: 2023-02-28 09:43:10
2023-03-07 16:04:36,629 - INFO - BIDDER: Vinayak | INSTRUMENT: Rakuten | BID TYPE: Sell| BID TIME: 09-43-10| BID PRICE:  405 INR| STATUS: SOLD     | TRANSACTION_TIME: 2023-02-28 09:43:10
2023-03-07 16:04:36,629 - INFO - Trades happening in this time interval as follows
2023-03-07 16:04:36,629 - INFO - BIDDER: Vinayak | INSTRUMENT: Rakuten | BID TYPE: Buy | BID TIME: 09-34-55| BID PRICE:  405 INR| STATUS: BOUGHT   | TRANSACTION_TIME: 2023-02-28 09:43:10
2023-03-07 16:04:36,629 - INFO - BIDDER: Vinayak | INSTRUMENT: Rakuten | BID TYPE: Sell| BID TIME: 09-43-10| BID PRICE:  405 INR| STATUS: SOLD     | TRANSACTION_TIME: 2023-02-28 09:43:10
2023-03-07 16:06:35,295 - INFO - Trades happening in this time interval as follows
2023-03-07 16:06:35,295 - INFO - BIDDER: Vinayak | INSTRUMENT: Rakuten | BID TYPE: Buy | BID TIME: 09-30-15| BID PRICE:  409 INR| STATUS: BOUGHT   | TRANSACTION_TIME: 2023-02-28 09:45:10
2023-03-07 16:06:35,295 - INFO - BIDDER: Praveen | INSTRUMENT: Rakuten | BID TYPE: Sell| BID TIME: 09-45-10| BID PRICE:  409 INR| STATUS: SOLD     | TRANSACTION_TIME: 2023-02-28 09:45:10
2023-03-07 16:06:35,296 - INFO - Trades happening in this time interval as follows
2023-03-07 16:06:35,296 - INFO - BIDDER: Vinayak | INSTRUMENT: Rakuten | BID TYPE: Buy | BID TIME: 09-30-15| BID PRICE:  409 INR| STATUS: BOUGHT   | TRANSACTION_TIME: 2023-02-28 09:45:10
2023-03-07 16:06:35,296 - INFO - BIDDER: Praveen | INSTRUMENT: Rakuten | BID TYPE: Sell| BID TIME: 09-45-10| BID PRICE:  409 INR| STATUS: SOLD     | TRANSACTION_TIME: 2023-02-28 09:45:10
2023-03-07 16:06:35,296 - INFO - Trades happening in this time interval as follows
2023-03-07 16:06:35,296 - INFO - BIDDER: Shreysi | INSTRUMENT: Rakuten | BID TYPE: Buy | BID TIME: 09-32-30| BID PRICE:  409 INR| STATUS: BOUGHT   | TRANSACTION_TIME: 2023-02-28 09:45:10
2023-03-07 16:06:35,296 - INFO - BIDDER: Praveen | INSTRUMENT: Rakuten | BID TYPE: Sell| BID TIME: 09-45-10| BID PRICE:  409 INR| STATUS: SOLD     | TRANSACTION_TIME: 2023-02-28 09:45:10
2023-03-07 16:06:35,296 - INFO - Trades happening in this time interval as follows
2023-03-07 16:06:35,296 - INFO - BIDDER: Shreysi | INSTRUMENT: Rakuten | BID TYPE: Buy | BID TIME: 09-32-30| BID PRICE:  409 INR| STATUS: BOUGHT   | TRANSACTION_TIME: 2023-02-28 09:45:10
2023-03-07 16:06:35,296 - INFO - BIDDER: Praveen | INSTRUMENT: Rakuten | BID TYPE: Sell| BID TIME: 09-45-10| BID PRICE:  409 INR| STATUS: SOLD     | TRANSACTION_TIME: 2023-02-28 09:45:10
2023-03-07 16:06:35,296 - INFO - Trades happening in this time interval as follows
2023-03-07 16:06:35,296 - INFO - BIDDER: Shreysi | INSTRUMENT: Rakuten | BID TYPE: Buy | BID TIME: 09-32-30| BID PRICE:  409 INR| STATUS: BOUGHT   | TRANSACTION_TIME: 2023-02-28 09:45:10
2023-03-07 16:06:35,296 - INFO - BIDDER: Praveen | INSTRUMENT: Rakuten | BID TYPE: Sell| BID TIME: 09-45-10| BID PRICE:  409 INR| STATUS: SOLD     | TRANSACTION_TIME: 2023-02-28 09:45:10
2023-03-07 16:06:45,351 - INFO - Trades happening in this time interval as follows
2023-03-07 16:06:45,351 - INFO - BIDDER: Vinayak | INSTRUMENT: Rakuten | BID TYPE: Buy | BID TIME: 09-35-10| BID PRICE:  397 INR| STATUS: BOUGHT   | TRANSACTION_TIME: 2023-02-28 09:45:20
2023-03-07 16:06:45,351 - INFO - BIDDER: Vinayak | INSTRUMENT: Rakuten | BID TYPE: Sell| BID TIME: 09-45-20| BID PRICE:  397 INR| STATUS: SOLD     | TRANSACTION_TIME: 2023-02-28 09:45:20
2023-03-07 16:06:45,351 - INFO - Trades happening in this time interval as follows
2023-03-07 16:06:45,351 - INFO - BIDDER: Vinayak | INSTRUMENT: Rakuten | BID TYPE: Buy | BID TIME: 09-35-10| BID PRICE:  397 INR| STATUS: BOUGHT   | TRANSACTION_TIME: 2023-02-28 09:45:20
2023-03-07 16:06:45,351 - INFO - BIDDER: Vinayak | INSTRUMENT: Rakuten | BID TYPE: Sell| BID TIME: 09-45-20| BID PRICE:  397 INR| STATUS: SOLD     | TRANSACTION_TIME: 2023-02-28 09:45:20
2023-03-07 16:06:45,351 - INFO - Trades happening in this time interval as follows
2023-03-07 16:06:45,351 - INFO - BIDDER: Vinayak | INSTRUMENT: Rakuten | BID TYPE: Buy | BID TIME: 09-35-10| BID PRICE:  397 INR| STATUS: BOUGHT   | TRANSACTION_TIME: 2023-02-28 09:45:20
2023-03-07 16:06:45,352 - INFO - BIDDER: Vinayak | INSTRUMENT: Rakuten | BID TYPE: Sell| BID TIME: 09-45-20| BID PRICE:  397 INR| STATUS: SOLD     | TRANSACTION_TIME: 2023-02-28 09:45:20
2023-03-07 16:06:45,352 - INFO - Trades happening in this time interval as follows
2023-03-07 16:06:45,352 - INFO - BIDDER: Vinayak | INSTRUMENT: Rakuten | BID TYPE: Buy | BID TIME: 09-35-10| BID PRICE:  397 INR| STATUS: BOUGHT   | TRANSACTION_TIME: 2023-02-28 09:45:20
2023-03-07 16:06:45,352 - INFO - BIDDER: Vinayak | INSTRUMENT: Rakuten | BID TYPE: Sell| BID TIME: 09-45-20| BID PRICE:  397 INR| STATUS: SOLD     | TRANSACTION_TIME: 2023-02-28 09:45:20
2023-03-07 16:08:46,270 - INFO - Trades happening in this time interval as follows
2023-03-07 16:08:46,270 - INFO - BIDDER: Vinayak | INSTRUMENT: Rakuten | BID TYPE: Buy | BID TIME: 09-39-00| BID PRICE:  399 INR| STATUS: BOUGHT   | TRANSACTION_TIME: 2023-02-28 09:47:20
2023-03-07 16:08:46,270 - INFO - BIDDER: Praveen | INSTRUMENT: Rakuten | BID TYPE: Sell| BID TIME: 09-47-20| BID PRICE:  399 INR| STATUS: SOLD     | TRANSACTION_TIME: 2023-02-28 09:47:20
2023-03-07 16:08:46,270 - INFO - Trades happening in this time interval as follows
2023-03-07 16:08:46,270 - INFO - BIDDER: Shreysi | INSTRUMENT: Rakuten | BID TYPE: Buy | BID TIME: 09-43-50| BID PRICE:  399 INR| STATUS: BOUGHT   | TRANSACTION_TIME: 2023-02-28 09:47:20
2023-03-07 16:08:46,270 - INFO - BIDDER: Praveen | INSTRUMENT: Rakuten | BID TYPE: Sell| BID TIME: 09-47-20| BID PRICE:  399 INR| STATUS: SOLD     | TRANSACTION_TIME: 2023-02-28 09:47:20
2023-03-07 16:08:46,270 - INFO - Trades happening in this time interval as follows
2023-03-07 16:08:46,270 - INFO - BIDDER: Shreysi | INSTRUMENT: Rakuten | BID TYPE: Buy | BID TIME: 09-43-50| BID PRICE:  399 INR| STATUS: BOUGHT   | TRANSACTION_TIME: 2023-02-28 09:47:20
2023-03-07 16:08:46,270 - INFO - BIDDER: Praveen | INSTRUMENT: Rakuten | BID TYPE: Sell| BID TIME: 09-47-20| BID PRICE:  399 INR| STATUS: SOLD     | TRANSACTION_TIME: 2023-02-28 09:47:20
2023-03-07 16:08:46,270 - INFO - Trades happening in this time interval as follows
2023-03-07 16:08:46,270 - INFO - BIDDER: Shreysi | INSTRUMENT: Rakuten | BID TYPE: Buy | BID TIME: 09-43-50| BID PRICE:  399 INR| STATUS: BOUGHT   | TRANSACTION_TIME: 2023-02-28 09:47:20
2023-03-07 16:08:46,270 - INFO - BIDDER: Praveen | INSTRUMENT: Rakuten | BID TYPE: Sell| BID TIME: 09-47-20| BID PRICE:  399 INR| STATUS: SOLD     | TRANSACTION_TIME: 2023-02-28 09:47:20
2023-03-07 16:08:46,270 - INFO - Trades happening in this time interval as follows
2023-03-07 16:08:46,270 - INFO - BIDDER: Shreysi | INSTRUMENT: Rakuten | BID TYPE: Buy | BID TIME: 09-43-50| BID PRICE:  399 INR| STATUS: BOUGHT   | TRANSACTION_TIME: 2023-02-28 09:47:20
2023-03-07 16:08:46,270 - INFO - BIDDER: Praveen | INSTRUMENT: Rakuten | BID TYPE: Sell| BID TIME: 09-47-20| BID PRICE:  399 INR| STATUS: SOLD     | TRANSACTION_TIME: 2023-02-28 09:47:20
2023-03-07 16:08:46,270 - INFO - Trades happening in this time interval as follows
2023-03-07 16:08:46,270 - INFO - BIDDER: Shreysi | INSTRUMENT: Rakuten | BID TYPE: Buy | BID TIME: 09-43-50| BID PRICE:  399 INR| STATUS: BOUGHT   | TRANSACTION_TIME: 2023-02-28 09:47:20
2023-03-07 16:08:46,270 - INFO - BIDDER: Praveen | INSTRUMENT: Rakuten | BID TYPE: Sell| BID TIME: 09-47-20| BID PRICE:  399 INR| STATUS: SOLD     | TRANSACTION_TIME: 2023-02-28 09:47:20
2023-03-07 16:09:10,486 - INFO - Trades happening in this time interval as follows
2023-03-07 16:09:10,486 - INFO - BIDDER: Praveen | INSTRUMENT: Rakuten | BID TYPE: Buy | BID TIME: 09-47-00| BID PRICE:  405 INR| STATUS: BOUGHT   | TRANSACTION_TIME: 2023-02-28 09:47:45
2023-03-07 16:09:10,486 - INFO - BIDDER: Praveen | INSTRUMENT: Rakuten | BID TYPE: Sell| BID TIME: 09-47-45| BID PRICE:  405 INR| STATUS: SOLD     | TRANSACTION_TIME: 2023-02-28 09:47:45
2023-03-07 16:09:10,486 - INFO - Trades happening in this time interval as follows
2023-03-07 16:09:10,486 - INFO - BIDDER: Praveen | INSTRUMENT: Rakuten | BID TYPE: Buy | BID TIME: 09-47-00| BID PRICE:  405 INR| STATUS: BOUGHT   | TRANSACTION_TIME: 2023-02-28 09:47:45
2023-03-07 16:09:10,486 - INFO - BIDDER: Praveen | INSTRUMENT: Rakuten | BID TYPE: Sell| BID TIME: 09-47-45| BID PRICE:  405 INR| STATUS: SOLD     | TRANSACTION_TIME: 2023-02-28 09:47:45
2023-03-07 16:09:10,486 - INFO - Trades happening in this time interval as follows
2023-03-07 16:09:10,486 - INFO - BIDDER: Praveen | INSTRUMENT: Rakuten | BID TYPE: Buy | BID TIME: 09-47-00| BID PRICE:  405 INR| STATUS: BOUGHT   | TRANSACTION_TIME: 2023-02-28 09:47:45
2023-03-07 16:09:10,487 - INFO - BIDDER: Praveen | INSTRUMENT: Rakuten | BID TYPE: Sell| BID TIME: 09-47-45| BID PRICE:  405 INR| STATUS: SOLD     | TRANSACTION_TIME: 2023-02-28 09:47:45
2023-03-07 16:09:56,880 - INFO - Trades happening in this time interval as follows
2023-03-07 16:09:56,881 - INFO - BIDDER: Praveen | INSTRUMENT: Rakuten | BID TYPE: Buy | BID TIME: 09-38-15| BID PRICE:  417 INR| STATUS: BOUGHT   | TRANSACTION_TIME: 2023-02-28 09:48:30
2023-03-07 16:09:56,881 - INFO - BIDDER: Praveen | INSTRUMENT: Rakuten | BID TYPE: Sell| BID TIME: 09-48-30| BID PRICE:  417 INR| STATUS: SOLD     | TRANSACTION_TIME: 2023-02-28 09:48:30
2023-03-07 16:09:56,881 - INFO - Trades happening in this time interval as follows
2023-03-07 16:09:56,881 - INFO - BIDDER: Praveen | INSTRUMENT: Rakuten | BID TYPE: Buy | BID TIME: 09-38-15| BID PRICE:  417 INR| STATUS: BOUGHT   | TRANSACTION_TIME: 2023-02-28 09:48:30
2023-03-07 16:09:56,881 - INFO - BIDDER: Praveen | INSTRUMENT: Rakuten | BID TYPE: Sell| BID TIME: 09-48-30| BID PRICE:  417 INR| STATUS: SOLD     | TRANSACTION_TIME: 2023-02-28 09:48:30
2023-03-07 16:09:56,881 - INFO - Trades happening in this time interval as follows
2023-03-07 16:09:56,881 - INFO - BIDDER: Praveen | INSTRUMENT: Rakuten | BID TYPE: Buy | BID TIME: 09-38-15| BID PRICE:  417 INR| STATUS: BOUGHT   | TRANSACTION_TIME: 2023-02-28 09:48:30
2023-03-07 16:09:56,881 - INFO - BIDDER: Praveen | INSTRUMENT: Rakuten | BID TYPE: Sell| BID TIME: 09-48-30| BID PRICE:  417 INR| STATUS: SOLD     | TRANSACTION_TIME: 2023-02-28 09:48:30
2023-03-07 16:09:56,881 - INFO - Trades happening in this time interval as follows
2023-03-07 16:09:56,881 - INFO - BIDDER: Praveen | INSTRUMENT: Rakuten | BID TYPE: Buy | BID TIME: 09-38-15| BID PRICE:  417 INR| STATUS: BOUGHT   | TRANSACTION_TIME: 2023-02-28 09:48:30
2023-03-07 16:09:56,881 - INFO - BIDDER: Praveen | INSTRUMENT: Rakuten | BID TYPE: Sell| BID TIME: 09-48-30| BID PRICE:  417 INR| STATUS: SOLD     | TRANSACTION_TIME: 2023-02-28 09:48:30
2023-03-07 16:09:56,881 - INFO - Trades happening in this time interval as follows
2023-03-07 16:09:56,881 - INFO - BIDDER: Praveen | INSTRUMENT: Rakuten | BID TYPE: Buy | BID TIME: 09-38-15| BID PRICE:  417 INR| STATUS: BOUGHT   | TRANSACTION_TIME: 2023-02-28 09:48:30
2023-03-07 16:09:56,881 - INFO - BIDDER: Praveen | INSTRUMENT: Rakuten | BID TYPE: Sell| BID TIME: 09-48-30| BID PRICE:  417 INR| STATUS: SOLD     | TRANSACTION_TIME: 2023-02-28 09:48:30
2023-03-07 16:10:11,001 - INFO - Trades happening in this time interval as follows
2023-03-07 16:10:11,001 - INFO - BIDDER: Vinayak | INSTRUMENT: Rakuten | BID TYPE: Buy | BID TIME: 09-30-55| BID PRICE:  392 INR| STATUS: BOUGHT   | TRANSACTION_TIME: 2023-02-28 09:48:45
2023-03-07 16:10:11,001 - INFO - BIDDER: Vinayak | INSTRUMENT: Rakuten | BID TYPE: Sell| BID TIME: 09-48-45| BID PRICE:  392 INR| STATUS: SOLD     | TRANSACTION_TIME: 2023-02-28 09:48:45
2023-03-07 16:10:11,001 - INFO - Trades happening in this time interval as follows
2023-03-07 16:10:11,001 - INFO - BIDDER: Vinayak | INSTRUMENT: Rakuten | BID TYPE: Buy | BID TIME: 09-30-55| BID PRICE:  392 INR| STATUS: BOUGHT   | TRANSACTION_TIME: 2023-02-28 09:48:45
2023-03-07 16:10:11,001 - INFO - BIDDER: Vinayak | INSTRUMENT: Rakuten | BID TYPE: Sell| BID TIME: 09-48-45| BID PRICE:  392 INR| STATUS: SOLD     | TRANSACTION_TIME: 2023-02-28 09:48:45
2023-03-07 16:10:11,001 - INFO - Trades happening in this time interval as follows
2023-03-07 16:10:11,001 - INFO - BIDDER: Vinayak | INSTRUMENT: Rakuten | BID TYPE: Buy | BID TIME: 09-30-55| BID PRICE:  392 INR| STATUS: BOUGHT   | TRANSACTION_TIME: 2023-02-28 09:48:45
2023-03-07 16:10:11,002 - INFO - BIDDER: Vinayak | INSTRUMENT: Rakuten | BID TYPE: Sell| BID TIME: 09-48-45| BID PRICE:  392 INR| STATUS: SOLD     | TRANSACTION_TIME: 2023-02-28 09:48:45
2023-03-07 16:10:11,002 - INFO - Trades happening in this time interval as follows
2023-03-07 16:10:11,002 - INFO - BIDDER: Vinayak | INSTRUMENT: Rakuten | BID TYPE: Buy | BID TIME: 09-30-55| BID PRICE:  392 INR| STATUS: BOUGHT   | TRANSACTION_TIME: 2023-02-28 09:48:45
2023-03-07 16:10:11,002 - INFO - BIDDER: Vinayak | INSTRUMENT: Rakuten | BID TYPE: Sell| BID TIME: 09-48-45| BID PRICE:  392 INR| STATUS: SOLD     | TRANSACTION_TIME: 2023-02-28 09:48:45
2023-03-07 16:10:11,002 - INFO - Trades happening in this time interval as follows
2023-03-07 16:10:11,002 - INFO - BIDDER: Vinayak | INSTRUMENT: Rakuten | BID TYPE: Buy | BID TIME: 09-30-55| BID PRICE:  392 INR| STATUS: BOUGHT   | TRANSACTION_TIME: 2023-02-28 09:48:45
2023-03-07 16:10:11,002 - INFO - BIDDER: Vinayak | INSTRUMENT: Rakuten | BID TYPE: Sell| BID TIME: 09-48-45| BID PRICE:  392 INR| STATUS: SOLD     | TRANSACTION_TIME: 2023-02-28 09:48:45
2023-03-07 16:10:11,002 - INFO - Trades happening in this time interval as follows
2023-03-07 16:10:11,002 - INFO - BIDDER: Vinayak | INSTRUMENT: Rakuten | BID TYPE: Buy | BID TIME: 09-48-40| BID PRICE:  392 INR| STATUS: BOUGHT   | TRANSACTION_TIME: 2023-02-28 09:48:45
2023-03-07 16:10:11,002 - INFO - BIDDER: Vinayak | INSTRUMENT: Rakuten | BID TYPE: Sell| BID TIME: 09-48-45| BID PRICE:  392 INR| STATUS: SOLD     | TRANSACTION_TIME: 2023-02-28 09:48:45
2023-03-07 16:10:11,002 - INFO - Trades happening in this time interval as follows
2023-03-07 16:10:11,002 - INFO - BIDDER: Vinayak | INSTRUMENT: Rakuten | BID TYPE: Buy | BID TIME: 09-48-40| BID PRICE:  392 INR| STATUS: BOUGHT   | TRANSACTION_TIME: 2023-02-28 09:48:45
2023-03-07 16:10:11,002 - INFO - BIDDER: Vinayak | INSTRUMENT: Rakuten | BID TYPE: Sell| BID TIME: 09-48-45| BID PRICE:  392 INR| STATUS: SOLD     | TRANSACTION_TIME: 2023-02-28 09:48:45
2023-03-07 16:10:11,003 - INFO - Trades happening in this time interval as follows
2023-03-07 16:10:11,003 - INFO - BIDDER: Vinayak | INSTRUMENT: Rakuten | BID TYPE: Buy | BID TIME: 09-48-40| BID PRICE:  392 INR| STATUS: BOUGHT   | TRANSACTION_TIME: 2023-02-28 09:48:45
2023-03-07 16:10:11,003 - INFO - BIDDER: Vinayak | INSTRUMENT: Rakuten | BID TYPE: Sell| BID TIME: 09-48-45| BID PRICE:  392 INR| STATUS: SOLD     | TRANSACTION_TIME: 2023-02-28 09:48:45
2023-03-07 16:10:11,003 - INFO - Trades happening in this time interval as follows
2023-03-07 16:10:11,003 - INFO - BIDDER: Vinayak | INSTRUMENT: Rakuten | BID TYPE: Buy | BID TIME: 09-48-40| BID PRICE:  392 INR| STATUS: BOUGHT   | TRANSACTION_TIME: 2023-02-28 09:48:45
2023-03-07 16:10:11,003 - INFO - BIDDER: Vinayak | INSTRUMENT: Rakuten | BID TYPE: Sell| BID TIME: 09-48-45| BID PRICE:  392 INR| STATUS: SOLD     | TRANSACTION_TIME: 2023-02-28 09:48:45
2023-03-07 16:10:11,003 - INFO - Trades happening in this time interval as follows
2023-03-07 16:10:11,003 - INFO - BIDDER: Vinayak | INSTRUMENT: Rakuten | BID TYPE: Buy | BID TIME: 09-48-40| BID PRICE:  392 INR| STATUS: BOUGHT   | TRANSACTION_TIME: 2023-02-28 09:48:45
2023-03-07 16:10:11,003 - INFO - BIDDER: Vinayak | INSTRUMENT: Rakuten | BID TYPE: Sell| BID TIME: 09-48-45| BID PRICE:  392 INR| STATUS: SOLD     | TRANSACTION_TIME: 2023-02-28 09:48:45
2023-03-07 16:11:01,367 - INFO - Trades happening in this time interval as follows
2023-03-07 16:11:01,367 - INFO - BIDDER: Vinayak | INSTRUMENT: Rakuten | BID TYPE: Buy | BID TIME: 09-48-55| BID PRICE:  399 INR| STATUS: BOUGHT   | TRANSACTION_TIME: 2023-02-28 09:49:35
2023-03-07 16:11:01,367 - INFO - BIDDER: Praveen | INSTRUMENT: Rakuten | BID TYPE: Sell| BID TIME: 09-49-35| BID PRICE:  399 INR| STATUS: SOLD     | TRANSACTION_TIME: 2023-02-28 09:49:35
2023-03-07 16:11:01,367 - INFO - Trades happening in this time interval as follows
2023-03-07 16:11:01,367 - INFO - BIDDER: Vinayak | INSTRUMENT: Rakuten | BID TYPE: Buy | BID TIME: 09-48-55| BID PRICE:  399 INR| STATUS: BOUGHT   | TRANSACTION_TIME: 2023-02-28 09:49:35
2023-03-07 16:11:01,367 - INFO - BIDDER: Praveen | INSTRUMENT: Rakuten | BID TYPE: Sell| BID TIME: 09-49-35| BID PRICE:  399 INR| STATUS: SOLD     | TRANSACTION_TIME: 2023-02-28 09:49:35
2023-03-07 16:11:01,367 - INFO - Trades happening in this time interval as follows
2023-03-07 16:11:01,367 - INFO - BIDDER: Vinayak | INSTRUMENT: Rakuten | BID TYPE: Buy | BID TIME: 09-48-55| BID PRICE:  399 INR| STATUS: BOUGHT   | TRANSACTION_TIME: 2023-02-28 09:49:35
2023-03-07 16:11:01,367 - INFO - BIDDER: Praveen | INSTRUMENT: Rakuten | BID TYPE: Sell| BID TIME: 09-49-35| BID PRICE:  399 INR| STATUS: SOLD     | TRANSACTION_TIME: 2023-02-28 09:49:35
2023-03-07 16:11:01,367 - INFO - Trades happening in this time interval as follows
2023-03-07 16:11:01,367 - INFO - BIDDER: Vinayak | INSTRUMENT: Rakuten | BID TYPE: Buy | BID TIME: 09-48-55| BID PRICE:  399 INR| STATUS: BOUGHT   | TRANSACTION_TIME: 2023-02-28 09:49:35
2023-03-07 16:11:01,367 - INFO - BIDDER: Praveen | INSTRUMENT: Rakuten | BID TYPE: Sell| BID TIME: 09-49-35| BID PRICE:  399 INR| STATUS: SOLD     | TRANSACTION_TIME: 2023-02-28 09:49:35
2023-03-07 16:11:41,690 - INFO - Trades happening in this time interval as follows
2023-03-07 16:11:41,690 - INFO - BIDDER: Shreysi | INSTRUMENT: Rakuten | BID TYPE: Buy | BID TIME: 09-44-30| BID PRICE:  391 INR| STATUS: BOUGHT   | TRANSACTION_TIME: 2023-02-28 09:50:15
2023-03-07 16:11:41,690 - INFO - BIDDER: Shreysi | INSTRUMENT: Rakuten | BID TYPE: Sell| BID TIME: 09-50-15| BID PRICE:  391 INR| STATUS: SOLD     | TRANSACTION_TIME: 2023-02-28 09:50:15
2023-03-07 16:11:41,690 - INFO - Trades happening in this time interval as follows
2023-03-07 16:11:41,690 - INFO - BIDDER: Shreysi | INSTRUMENT: Rakuten | BID TYPE: Buy | BID TIME: 09-44-30| BID PRICE:  391 INR| STATUS: BOUGHT   | TRANSACTION_TIME: 2023-02-28 09:50:15
2023-03-07 16:11:41,691 - INFO - BIDDER: Shreysi | INSTRUMENT: Rakuten | BID TYPE: Sell| BID TIME: 09-50-15| BID PRICE:  391 INR| STATUS: SOLD     | TRANSACTION_TIME: 2023-02-28 09:50:15
2023-03-07 16:11:41,691 - INFO - Trades happening in this time interval as follows
2023-03-07 16:11:41,691 - INFO - BIDDER: Shreysi | INSTRUMENT: Rakuten | BID TYPE: Buy | BID TIME: 09-44-30| BID PRICE:  391 INR| STATUS: BOUGHT   | TRANSACTION_TIME: 2023-02-28 09:50:15
2023-03-07 16:11:41,691 - INFO - BIDDER: Shreysi | INSTRUMENT: Rakuten | BID TYPE: Sell| BID TIME: 09-50-15| BID PRICE:  391 INR| STATUS: SOLD     | TRANSACTION_TIME: 2023-02-28 09:50:15
2023-03-07 16:11:41,691 - INFO - Trades happening in this time interval as follows
2023-03-07 16:11:41,691 - INFO - BIDDER: Shreysi | INSTRUMENT: Rakuten | BID TYPE: Buy | BID TIME: 09-44-30| BID PRICE:  391 INR| STATUS: BOUGHT   | TRANSACTION_TIME: 2023-02-28 09:50:15
2023-03-07 16:11:41,691 - INFO - BIDDER: Shreysi | INSTRUMENT: Rakuten | BID TYPE: Sell| BID TIME: 09-50-15| BID PRICE:  391 INR| STATUS: SOLD     | TRANSACTION_TIME: 2023-02-28 09:50:15
2023-03-07 16:11:41,691 - INFO - Trades happening in this time interval as follows
2023-03-07 16:11:41,691 - INFO - BIDDER: Shreysi | INSTRUMENT: Rakuten | BID TYPE: Buy | BID TIME: 09-44-30| BID PRICE:  391 INR| STATUS: BOUGHT   | TRANSACTION_TIME: 2023-02-28 09:50:15
2023-03-07 16:11:41,691 - INFO - BIDDER: Shreysi | INSTRUMENT: Rakuten | BID TYPE: Sell| BID TIME: 09-50-15| BID PRICE:  391 INR| STATUS: SOLD     | TRANSACTION_TIME: 2023-02-28 09:50:15
2023-03-07 16:12:05,882 - INFO - Trades happening in this time interval as follows
2023-03-07 16:12:05,882 - INFO - BIDDER: Shreysi | INSTRUMENT: Rakuten | BID TYPE: Buy | BID TIME: 09-48-50| BID PRICE:  417 INR| STATUS: BOUGHT   | TRANSACTION_TIME: 2023-02-28 09:50:40
2023-03-07 16:12:05,882 - INFO - BIDDER: Praveen | INSTRUMENT: Rakuten | BID TYPE: Sell| BID TIME: 09-50-40| BID PRICE:  417 INR| STATUS: SOLD     | TRANSACTION_TIME: 2023-02-28 09:50:40
2023-03-07 16:12:26,036 - INFO - Trades happening in this time interval as follows
2023-03-07 16:12:26,036 - INFO - BIDDER: Shreysi | INSTRUMENT: Rakuten | BID TYPE: Buy | BID TIME: 09-40-50| BID PRICE:  411 INR| STATUS: BOUGHT   | TRANSACTION_TIME: 2023-02-28 09:51:00
2023-03-07 16:12:26,036 - INFO - BIDDER: Shreysi | INSTRUMENT: Rakuten | BID TYPE: Sell| BID TIME: 09-51-00| BID PRICE:  411 INR| STATUS: SOLD     | TRANSACTION_TIME: 2023-02-28 09:51:00
2023-03-07 16:12:26,036 - INFO - Trades happening in this time interval as follows
2023-03-07 16:12:26,036 - INFO - BIDDER: Shreysi | INSTRUMENT: Rakuten | BID TYPE: Buy | BID TIME: 09-40-50| BID PRICE:  411 INR| STATUS: BOUGHT   | TRANSACTION_TIME: 2023-02-28 09:51:00
2023-03-07 16:12:26,037 - INFO - BIDDER: Shreysi | INSTRUMENT: Rakuten | BID TYPE: Sell| BID TIME: 09-51-00| BID PRICE:  411 INR| STATUS: SOLD     | TRANSACTION_TIME: 2023-02-28 09:51:00
2023-03-07 16:12:26,037 - INFO - Trades happening in this time interval as follows
2023-03-07 16:12:26,037 - INFO - BIDDER: Shreysi | INSTRUMENT: Rakuten | BID TYPE: Buy | BID TIME: 09-40-50| BID PRICE:  411 INR| STATUS: BOUGHT   | TRANSACTION_TIME: 2023-02-28 09:51:00
2023-03-07 16:12:26,037 - INFO - BIDDER: Shreysi | INSTRUMENT: Rakuten | BID TYPE: Sell| BID TIME: 09-51-00| BID PRICE:  411 INR| STATUS: SOLD     | TRANSACTION_TIME: 2023-02-28 09:51:00
2023-03-07 16:12:26,037 - INFO - Trades happening in this time interval as follows
2023-03-07 16:12:26,037 - INFO - BIDDER: Shreysi | INSTRUMENT: Rakuten | BID TYPE: Buy | BID TIME: 09-40-50| BID PRICE:  411 INR| STATUS: BOUGHT   | TRANSACTION_TIME: 2023-02-28 09:51:00
2023-03-07 16:12:26,037 - INFO - BIDDER: Shreysi | INSTRUMENT: Rakuten | BID TYPE: Sell| BID TIME: 09-51-00| BID PRICE:  411 INR| STATUS: SOLD     | TRANSACTION_TIME: 2023-02-28 09:51:00
2023-03-07 16:12:32,080 - INFO - Trades happening in this time interval as follows
2023-03-07 16:12:32,080 - INFO - BIDDER: Vinayak | INSTRUMENT: Rakuten | BID TYPE: Buy | BID TIME: 09-43-00| BID PRICE:  420 INR| STATUS: BOUGHT   | TRANSACTION_TIME: 2023-02-28 09:51:05
2023-03-07 16:12:32,080 - INFO - BIDDER: Praveen | INSTRUMENT: Rakuten | BID TYPE: Sell| BID TIME: 09-51-05| BID PRICE:  420 INR| STATUS: SOLD     | TRANSACTION_TIME: 2023-02-28 09:51:05
2023-03-07 16:12:32,080 - INFO - Trades happening in this time interval as follows
2023-03-07 16:12:32,080 - INFO - BIDDER: Vinayak | INSTRUMENT: Rakuten | BID TYPE: Buy | BID TIME: 09-43-00| BID PRICE:  420 INR| STATUS: BOUGHT   | TRANSACTION_TIME: 2023-02-28 09:51:05
2023-03-07 16:12:32,080 - INFO - BIDDER: Praveen | INSTRUMENT: Rakuten | BID TYPE: Sell| BID TIME: 09-51-05| BID PRICE:  420 INR| STATUS: SOLD     | TRANSACTION_TIME: 2023-02-28 09:51:05
2023-03-07 16:12:32,080 - INFO - Trades happening in this time interval as follows
2023-03-07 16:12:32,080 - INFO - BIDDER: Vinayak | INSTRUMENT: Rakuten | BID TYPE: Buy | BID TIME: 09-43-00| BID PRICE:  420 INR| STATUS: BOUGHT   | TRANSACTION_TIME: 2023-02-28 09:51:05
2023-03-07 16:12:32,080 - INFO - BIDDER: Praveen | INSTRUMENT: Rakuten | BID TYPE: Sell| BID TIME: 09-51-05| BID PRICE:  420 INR| STATUS: SOLD     | TRANSACTION_TIME: 2023-02-28 09:51:05
2023-03-07 16:12:32,080 - INFO - Trades happening in this time interval as follows
2023-03-07 16:12:32,081 - INFO - BIDDER: Vinayak | INSTRUMENT: Rakuten | BID TYPE: Buy | BID TIME: 09-43-00| BID PRICE:  420 INR| STATUS: BOUGHT   | TRANSACTION_TIME: 2023-02-28 09:51:05
2023-03-07 16:12:32,081 - INFO - BIDDER: Praveen | INSTRUMENT: Rakuten | BID TYPE: Sell| BID TIME: 09-51-05| BID PRICE:  420 INR| STATUS: SOLD     | TRANSACTION_TIME: 2023-02-28 09:51:05
2023-03-07 16:12:32,081 - INFO - Trades happening in this time interval as follows
2023-03-07 16:12:32,081 - INFO - BIDDER: Vinayak | INSTRUMENT: Rakuten | BID TYPE: Buy | BID TIME: 09-43-00| BID PRICE:  420 INR| STATUS: BOUGHT   | TRANSACTION_TIME: 2023-02-28 09:51:05
2023-03-07 16:12:32,081 - INFO - BIDDER: Praveen | INSTRUMENT: Rakuten | BID TYPE: Sell| BID TIME: 09-51-05| BID PRICE:  420 INR| STATUS: SOLD     | TRANSACTION_TIME: 2023-02-28 09:51:05
2023-03-07 16:14:51,181 - INFO - Trades happening in this time interval as follows
2023-03-07 16:14:51,181 - INFO - BIDDER: Praveen | INSTRUMENT: Rakuten | BID TYPE: Buy | BID TIME: 09-52-55| BID PRICE:  408 INR| STATUS: BOUGHT   | TRANSACTION_TIME: 2023-02-28 09:53:25
2023-03-07 16:14:51,181 - INFO - BIDDER: Shreysi | INSTRUMENT: Rakuten | BID TYPE: Sell| BID TIME: 09-53-25| BID PRICE:  408 INR| STATUS: SOLD     | TRANSACTION_TIME: 2023-02-28 09:53:25
2023-03-07 16:14:51,181 - INFO - Trades happening in this time interval as follows
2023-03-07 16:14:51,181 - INFO - BIDDER: Praveen | INSTRUMENT: Rakuten | BID TYPE: Buy | BID TIME: 09-52-55| BID PRICE:  408 INR| STATUS: BOUGHT   | TRANSACTION_TIME: 2023-02-28 09:53:25
2023-03-07 16:14:51,181 - INFO - BIDDER: Shreysi | INSTRUMENT: Rakuten | BID TYPE: Sell| BID TIME: 09-53-25| BID PRICE:  408 INR| STATUS: SOLD     | TRANSACTION_TIME: 2023-02-28 09:53:25
2023-03-07 16:14:51,181 - INFO - Trades happening in this time interval as follows
2023-03-07 16:14:51,181 - INFO - BIDDER: Praveen | INSTRUMENT: Rakuten | BID TYPE: Buy | BID TIME: 09-52-55| BID PRICE:  408 INR| STATUS: BOUGHT   | TRANSACTION_TIME: 2023-02-28 09:53:25
2023-03-07 16:14:51,181 - INFO - BIDDER: Shreysi | INSTRUMENT: Rakuten | BID TYPE: Sell| BID TIME: 09-53-25| BID PRICE:  408 INR| STATUS: SOLD     | TRANSACTION_TIME: 2023-02-28 09:53:25
2023-03-07 16:14:51,181 - INFO - Trades happening in this time interval as follows
2023-03-07 16:14:51,181 - INFO - BIDDER: Praveen | INSTRUMENT: Rakuten | BID TYPE: Buy | BID TIME: 09-52-55| BID PRICE:  408 INR| STATUS: BOUGHT   | TRANSACTION_TIME: 2023-02-28 09:53:25
2023-03-07 16:14:51,181 - INFO - BIDDER: Shreysi | INSTRUMENT: Rakuten | BID TYPE: Sell| BID TIME: 09-53-25| BID PRICE:  408 INR| STATUS: SOLD     | TRANSACTION_TIME: 2023-02-28 09:53:25
2023-03-07 16:14:57,226 - INFO - Trades happening in this time interval as follows
2023-03-07 16:14:57,226 - INFO - BIDDER: Praveen | INSTRUMENT: Rakuten | BID TYPE: Buy | BID TIME: 09-49-50| BID PRICE:  399 INR| STATUS: BOUGHT   | TRANSACTION_TIME: 2023-02-28 09:53:30
2023-03-07 16:14:57,226 - INFO - BIDDER: Shreysi | INSTRUMENT: Rakuten | BID TYPE: Sell| BID TIME: 09-53-30| BID PRICE:  399 INR| STATUS: SOLD     | TRANSACTION_TIME: 2023-02-28 09:53:30
2023-03-07 16:14:57,226 - INFO - Trades happening in this time interval as follows
2023-03-07 16:14:57,226 - INFO - BIDDER: Praveen | INSTRUMENT: Rakuten | BID TYPE: Buy | BID TIME: 09-49-50| BID PRICE:  399 INR| STATUS: BOUGHT   | TRANSACTION_TIME: 2023-02-28 09:53:30
2023-03-07 16:14:57,226 - INFO - BIDDER: Shreysi | INSTRUMENT: Rakuten | BID TYPE: Sell| BID TIME: 09-53-30| BID PRICE:  399 INR| STATUS: SOLD     | TRANSACTION_TIME: 2023-02-28 09:53:30
2023-03-07 16:14:57,226 - INFO - Trades happening in this time interval as follows
2023-03-07 16:14:57,226 - INFO - BIDDER: Praveen | INSTRUMENT: Rakuten | BID TYPE: Buy | BID TIME: 09-49-50| BID PRICE:  399 INR| STATUS: BOUGHT   | TRANSACTION_TIME: 2023-02-28 09:53:30
2023-03-07 16:14:57,226 - INFO - BIDDER: Shreysi | INSTRUMENT: Rakuten | BID TYPE: Sell| BID TIME: 09-53-30| BID PRICE:  399 INR| STATUS: SOLD     | TRANSACTION_TIME: 2023-02-28 09:53:30
2023-03-07 16:14:57,226 - INFO - Trades happening in this time interval as follows
2023-03-07 16:14:57,226 - INFO - BIDDER: Praveen | INSTRUMENT: Rakuten | BID TYPE: Buy | BID TIME: 09-49-50| BID PRICE:  399 INR| STATUS: BOUGHT   | TRANSACTION_TIME: 2023-02-28 09:53:30
2023-03-07 16:14:57,226 - INFO - BIDDER: Shreysi | INSTRUMENT: Rakuten | BID TYPE: Sell| BID TIME: 09-53-30| BID PRICE:  399 INR| STATUS: SOLD     | TRANSACTION_TIME: 2023-02-28 09:53:30
2023-03-07 16:14:57,226 - INFO - Trades happening in this time interval as follows
2023-03-07 16:14:57,226 - INFO - BIDDER: Praveen | INSTRUMENT: Rakuten | BID TYPE: Buy | BID TIME: 09-49-50| BID PRICE:  399 INR| STATUS: BOUGHT   | TRANSACTION_TIME: 2023-02-28 09:53:30
2023-03-07 16:14:57,226 - INFO - BIDDER: Shreysi | INSTRUMENT: Rakuten | BID TYPE: Sell| BID TIME: 09-53-30| BID PRICE:  399 INR| STATUS: SOLD     | TRANSACTION_TIME: 2023-02-28 09:53:30
2023-03-07 16:15:31,516 - INFO - Trades happening in this time interval as follows
2023-03-07 16:15:31,516 - INFO - BIDDER: Shreysi | INSTRUMENT: Rakuten | BID TYPE: Buy | BID TIME: 09-38-05| BID PRICE:  413 INR| STATUS: BOUGHT   | TRANSACTION_TIME: 2023-02-28 09:54:05
2023-03-07 16:15:31,516 - INFO - BIDDER: Vinayak | INSTRUMENT: Rakuten | BID TYPE: Sell| BID TIME: 09-54-05| BID PRICE:  413 INR| STATUS: SOLD     | TRANSACTION_TIME: 2023-02-28 09:54:05
2023-03-07 16:15:31,516 - INFO - Trades happening in this time interval as follows
2023-03-07 16:15:31,516 - INFO - BIDDER: Shreysi | INSTRUMENT: Rakuten | BID TYPE: Buy | BID TIME: 09-38-05| BID PRICE:  413 INR| STATUS: BOUGHT   | TRANSACTION_TIME: 2023-02-28 09:54:05
2023-03-07 16:15:31,516 - INFO - BIDDER: Vinayak | INSTRUMENT: Rakuten | BID TYPE: Sell| BID TIME: 09-54-05| BID PRICE:  413 INR| STATUS: SOLD     | TRANSACTION_TIME: 2023-02-28 09:54:05
2023-03-07 16:15:31,516 - INFO - Trades happening in this time interval as follows
2023-03-07 16:15:31,516 - INFO - BIDDER: Shreysi | INSTRUMENT: Rakuten | BID TYPE: Buy | BID TIME: 09-38-05| BID PRICE:  413 INR| STATUS: BOUGHT   | TRANSACTION_TIME: 2023-02-28 09:54:05
2023-03-07 16:15:31,516 - INFO - BIDDER: Vinayak | INSTRUMENT: Rakuten | BID TYPE: Sell| BID TIME: 09-54-05| BID PRICE:  413 INR| STATUS: SOLD     | TRANSACTION_TIME: 2023-02-28 09:54:05
2023-03-07 16:15:31,516 - INFO - Trades happening in this time interval as follows
2023-03-07 16:15:31,516 - INFO - BIDDER: Shreysi | INSTRUMENT: Rakuten | BID TYPE: Buy | BID TIME: 09-38-05| BID PRICE:  413 INR| STATUS: BOUGHT   | TRANSACTION_TIME: 2023-02-28 09:54:05
2023-03-07 16:15:31,516 - INFO - BIDDER: Vinayak | INSTRUMENT: Rakuten | BID TYPE: Sell| BID TIME: 09-54-05| BID PRICE:  413 INR| STATUS: SOLD     | TRANSACTION_TIME: 2023-02-28 09:54:05
2023-03-07 16:15:31,516 - INFO - Trades happening in this time interval as follows
2023-03-07 16:15:31,516 - INFO - BIDDER: Shreysi | INSTRUMENT: Rakuten | BID TYPE: Buy | BID TIME: 09-38-05| BID PRICE:  413 INR| STATUS: BOUGHT   | TRANSACTION_TIME: 2023-02-28 09:54:05
2023-03-07 16:15:31,516 - INFO - BIDDER: Vinayak | INSTRUMENT: Rakuten | BID TYPE: Sell| BID TIME: 09-54-05| BID PRICE:  413 INR| STATUS: SOLD     | TRANSACTION_TIME: 2023-02-28 09:54:05
2023-03-07 16:16:17,879 - INFO - Trades happening in this time interval as follows
2023-03-07 16:16:17,879 - INFO - BIDDER: Praveen | INSTRUMENT: Rakuten | BID TYPE: Buy | BID TIME: 09-50-10| BID PRICE:  414 INR| STATUS: BOUGHT   | TRANSACTION_TIME: 2023-02-28 09:54:50
2023-03-07 16:16:17,879 - INFO - BIDDER: Praveen | INSTRUMENT: Rakuten | BID TYPE: Sell| BID TIME: 09-54-50| BID PRICE:  414 INR| STATUS: SOLD     | TRANSACTION_TIME: 2023-02-28 09:54:50
2023-03-07 16:16:17,879 - INFO - Trades happening in this time interval as follows
2023-03-07 16:16:17,879 - INFO - BIDDER: Praveen | INSTRUMENT: Rakuten | BID TYPE: Buy | BID TIME: 09-50-10| BID PRICE:  414 INR| STATUS: BOUGHT   | TRANSACTION_TIME: 2023-02-28 09:54:50
2023-03-07 16:16:17,879 - INFO - BIDDER: Praveen | INSTRUMENT: Rakuten | BID TYPE: Sell| BID TIME: 09-54-50| BID PRICE:  414 INR| STATUS: SOLD     | TRANSACTION_TIME: 2023-02-28 09:54:50
2023-03-07 16:16:17,879 - INFO - Trades happening in this time interval as follows
2023-03-07 16:16:17,879 - INFO - BIDDER: Praveen | INSTRUMENT: Rakuten | BID TYPE: Buy | BID TIME: 09-50-10| BID PRICE:  414 INR| STATUS: BOUGHT   | TRANSACTION_TIME: 2023-02-28 09:54:50
2023-03-07 16:16:17,879 - INFO - BIDDER: Praveen | INSTRUMENT: Rakuten | BID TYPE: Sell| BID TIME: 09-54-50| BID PRICE:  414 INR| STATUS: SOLD     | TRANSACTION_TIME: 2023-02-28 09:54:50
2023-03-07 16:16:17,879 - INFO - Trades happening in this time interval as follows
2023-03-07 16:16:17,879 - INFO - BIDDER: Praveen | INSTRUMENT: Rakuten | BID TYPE: Buy | BID TIME: 09-50-10| BID PRICE:  414 INR| STATUS: BOUGHT   | TRANSACTION_TIME: 2023-02-28 09:54:50
2023-03-07 16:16:17,879 - INFO - BIDDER: Praveen | INSTRUMENT: Rakuten | BID TYPE: Sell| BID TIME: 09-54-50| BID PRICE:  414 INR| STATUS: SOLD     | TRANSACTION_TIME: 2023-02-28 09:54:50
2023-03-07 16:16:17,880 - INFO - Trades happening in this time interval as follows
2023-03-07 16:16:17,880 - INFO - BIDDER: Praveen | INSTRUMENT: Rakuten | BID TYPE: Buy | BID TIME: 09-50-10| BID PRICE:  414 INR| STATUS: BOUGHT   | TRANSACTION_TIME: 2023-02-28 09:54:50
2023-03-07 16:16:17,880 - INFO - BIDDER: Praveen | INSTRUMENT: Rakuten | BID TYPE: Sell| BID TIME: 09-54-50| BID PRICE:  414 INR| STATUS: SOLD     | TRANSACTION_TIME: 2023-02-28 09:54:50
2023-03-07 16:17:36,699 - INFO - Trades happening in this time interval as follows
2023-03-07 16:17:36,699 - INFO - BIDDER: Shreysi | INSTRUMENT: Rakuten | BID TYPE: Buy | BID TIME: 09-37-10| BID PRICE:  415 INR| STATUS: BOUGHT   | TRANSACTION_TIME: 2023-02-28 09:56:10
2023-03-07 16:17:36,699 - INFO - BIDDER: Shreysi | INSTRUMENT: Rakuten | BID TYPE: Sell| BID TIME: 09-56-10| BID PRICE:  415 INR| STATUS: SOLD     | TRANSACTION_TIME: 2023-02-28 09:56:10
2023-03-07 16:17:36,699 - INFO - Trades happening in this time interval as follows
2023-03-07 16:17:36,699 - INFO - BIDDER: Shreysi | INSTRUMENT: Rakuten | BID TYPE: Buy | BID TIME: 09-37-10| BID PRICE:  415 INR| STATUS: BOUGHT   | TRANSACTION_TIME: 2023-02-28 09:56:10
2023-03-07 16:17:36,699 - INFO - BIDDER: Shreysi | INSTRUMENT: Rakuten | BID TYPE: Sell| BID TIME: 09-56-10| BID PRICE:  415 INR| STATUS: SOLD     | TRANSACTION_TIME: 2023-02-28 09:56:10
2023-03-07 16:17:36,699 - INFO - Trades happening in this time interval as follows
2023-03-07 16:17:36,699 - INFO - BIDDER: Shreysi | INSTRUMENT: Rakuten | BID TYPE: Buy | BID TIME: 09-37-10| BID PRICE:  415 INR| STATUS: BOUGHT   | TRANSACTION_TIME: 2023-02-28 09:56:10
2023-03-07 16:17:36,699 - INFO - BIDDER: Shreysi | INSTRUMENT: Rakuten | BID TYPE: Sell| BID TIME: 09-56-10| BID PRICE:  415 INR| STATUS: SOLD     | TRANSACTION_TIME: 2023-02-28 09:56:10
2023-03-07 16:17:36,699 - INFO - Trades happening in this time interval as follows
2023-03-07 16:17:36,699 - INFO - BIDDER: Shreysi | INSTRUMENT: Rakuten | BID TYPE: Buy | BID TIME: 09-37-10| BID PRICE:  415 INR| STATUS: BOUGHT   | TRANSACTION_TIME: 2023-02-28 09:56:10
2023-03-07 16:17:36,699 - INFO - BIDDER: Shreysi | INSTRUMENT: Rakuten | BID TYPE: Sell| BID TIME: 09-56-10| BID PRICE:  415 INR| STATUS: SOLD     | TRANSACTION_TIME: 2023-02-28 09:56:10
2023-03-07 16:17:36,699 - INFO - Trades happening in this time interval as follows
2023-03-07 16:17:36,699 - INFO - BIDDER: Shreysi | INSTRUMENT: Rakuten | BID TYPE: Buy | BID TIME: 09-47-05| BID PRICE:  415 INR| STATUS: BOUGHT   | TRANSACTION_TIME: 2023-02-28 09:56:10
2023-03-07 16:17:36,699 - INFO - BIDDER: Shreysi | INSTRUMENT: Rakuten | BID TYPE: Sell| BID TIME: 09-56-10| BID PRICE:  415 INR| STATUS: SOLD     | TRANSACTION_TIME: 2023-02-28 09:56:10
2023-03-07 16:17:36,699 - INFO - Trades happening in this time interval as follows
2023-03-07 16:17:36,699 - INFO - BIDDER: Praveen | INSTRUMENT: Rakuten | BID TYPE: Buy | BID TIME: 09-48-05| BID PRICE:  415 INR| STATUS: BOUGHT   | TRANSACTION_TIME: 2023-02-28 09:56:10
2023-03-07 16:17:36,699 - INFO - BIDDER: Shreysi | INSTRUMENT: Rakuten | BID TYPE: Sell| BID TIME: 09-56-10| BID PRICE:  415 INR| STATUS: SOLD     | TRANSACTION_TIME: 2023-02-28 09:56:10
2023-03-07 16:17:36,699 - INFO - Trades happening in this time interval as follows
2023-03-07 16:17:36,699 - INFO - BIDDER: Praveen | INSTRUMENT: Rakuten | BID TYPE: Buy | BID TIME: 09-48-05| BID PRICE:  415 INR| STATUS: BOUGHT   | TRANSACTION_TIME: 2023-02-28 09:56:10
2023-03-07 16:17:36,699 - INFO - BIDDER: Shreysi | INSTRUMENT: Rakuten | BID TYPE: Sell| BID TIME: 09-56-10| BID PRICE:  415 INR| STATUS: SOLD     | TRANSACTION_TIME: 2023-02-28 09:56:10
2023-03-07 16:17:36,699 - INFO - Trades happening in this time interval as follows
2023-03-07 16:17:36,699 - INFO - BIDDER: Praveen | INSTRUMENT: Rakuten | BID TYPE: Buy | BID TIME: 09-48-05| BID PRICE:  415 INR| STATUS: BOUGHT   | TRANSACTION_TIME: 2023-02-28 09:56:10
2023-03-07 16:17:36,699 - INFO - BIDDER: Shreysi | INSTRUMENT: Rakuten | BID TYPE: Sell| BID TIME: 09-56-10| BID PRICE:  415 INR| STATUS: SOLD     | TRANSACTION_TIME: 2023-02-28 09:56:10
2023-03-07 16:17:36,699 - INFO - Trades happening in this time interval as follows
2023-03-07 16:17:36,700 - INFO - BIDDER: Praveen | INSTRUMENT: Rakuten | BID TYPE: Buy | BID TIME: 09-48-05| BID PRICE:  415 INR| STATUS: BOUGHT   | TRANSACTION_TIME: 2023-02-28 09:56:10
2023-03-07 16:17:36,700 - INFO - BIDDER: Shreysi | INSTRUMENT: Rakuten | BID TYPE: Sell| BID TIME: 09-56-10| BID PRICE:  415 INR| STATUS: SOLD     | TRANSACTION_TIME: 2023-02-28 09:56:10
2023-03-07 16:18:43,267 - INFO - Trades happening in this time interval as follows
2023-03-07 16:18:43,267 - INFO - BIDDER: Shreysi | INSTRUMENT: Rakuten | BID TYPE: Buy | BID TIME: 09-52-10| BID PRICE:  409 INR| STATUS: BOUGHT   | TRANSACTION_TIME: 2023-02-28 09:57:15
2023-03-07 16:18:43,267 - INFO - BIDDER: Shreysi | INSTRUMENT: Rakuten | BID TYPE: Sell| BID TIME: 09-57-15| BID PRICE:  409 INR| STATUS: SOLD     | TRANSACTION_TIME: 2023-02-28 09:57:15
2023-03-07 16:18:43,267 - INFO - Trades happening in this time interval as follows
2023-03-07 16:18:43,267 - INFO - BIDDER: Shreysi | INSTRUMENT: Rakuten | BID TYPE: Buy | BID TIME: 09-52-10| BID PRICE:  409 INR| STATUS: BOUGHT   | TRANSACTION_TIME: 2023-02-28 09:57:15
2023-03-07 16:18:43,267 - INFO - BIDDER: Shreysi | INSTRUMENT: Rakuten | BID TYPE: Sell| BID TIME: 09-57-15| BID PRICE:  409 INR| STATUS: SOLD     | TRANSACTION_TIME: 2023-02-28 09:57:15
2023-03-07 16:19:37,881 - INFO - Trades happening in this time interval as follows
2023-03-07 16:19:37,881 - INFO - BIDDER: Shreysi | INSTRUMENT: Rakuten | BID TYPE: Buy | BID TIME: 09-31-15| BID PRICE:  395 INR| STATUS: BOUGHT   | TRANSACTION_TIME: 2023-02-28 09:58:10
2023-03-07 16:19:37,881 - INFO - BIDDER: Shreysi | INSTRUMENT: Rakuten | BID TYPE: Sell| BID TIME: 09-58-10| BID PRICE:  395 INR| STATUS: SOLD     | TRANSACTION_TIME: 2023-02-28 09:58:10
2023-03-07 16:19:37,881 - INFO - Trades happening in this time interval as follows
2023-03-07 16:19:37,881 - INFO - BIDDER: Shreysi | INSTRUMENT: Rakuten | BID TYPE: Buy | BID TIME: 09-49-30| BID PRICE:  395 INR| STATUS: BOUGHT   | TRANSACTION_TIME: 2023-02-28 09:58:10
2023-03-07 16:19:37,882 - INFO - BIDDER: Shreysi | INSTRUMENT: Rakuten | BID TYPE: Sell| BID TIME: 09-58-10| BID PRICE:  395 INR| STATUS: SOLD     | TRANSACTION_TIME: 2023-02-28 09:58:10
2023-03-07 16:19:37,882 - INFO - Trades happening in this time interval as follows
2023-03-07 16:19:37,882 - INFO - BIDDER: Shreysi | INSTRUMENT: Rakuten | BID TYPE: Buy | BID TIME: 09-49-30| BID PRICE:  395 INR| STATUS: BOUGHT   | TRANSACTION_TIME: 2023-02-28 09:58:10
2023-03-07 16:19:37,882 - INFO - BIDDER: Shreysi | INSTRUMENT: Rakuten | BID TYPE: Sell| BID TIME: 09-58-10| BID PRICE:  395 INR| STATUS: SOLD     | TRANSACTION_TIME: 2023-02-28 09:58:10
2023-03-07 16:19:37,882 - INFO - Trades happening in this time interval as follows
2023-03-07 16:19:37,882 - INFO - BIDDER: Shreysi | INSTRUMENT: Rakuten | BID TYPE: Buy | BID TIME: 09-49-30| BID PRICE:  395 INR| STATUS: BOUGHT   | TRANSACTION_TIME: 2023-02-28 09:58:10
2023-03-07 16:19:37,882 - INFO - BIDDER: Shreysi | INSTRUMENT: Rakuten | BID TYPE: Sell| BID TIME: 09-58-10| BID PRICE:  395 INR| STATUS: SOLD     | TRANSACTION_TIME: 2023-02-28 09:58:10
2023-03-07 16:20:08,243 - INFO - Trades happening in this time interval as follows
2023-03-07 16:20:08,243 - INFO - BIDDER: Shreysi | INSTRUMENT: Rakuten | BID TYPE: Buy | BID TIME: 09-41-40| BID PRICE:  412 INR| STATUS: BOUGHT   | TRANSACTION_TIME: 2023-02-28 09:58:40
2023-03-07 16:20:08,243 - INFO - BIDDER: Praveen | INSTRUMENT: Rakuten | BID TYPE: Sell| BID TIME: 09-58-40| BID PRICE:  412 INR| STATUS: SOLD     | TRANSACTION_TIME: 2023-02-28 09:58:40
2023-03-07 16:20:08,243 - INFO - Trades happening in this time interval as follows
2023-03-07 16:20:08,243 - INFO - BIDDER: Shreysi | INSTRUMENT: Rakuten | BID TYPE: Buy | BID TIME: 09-41-40| BID PRICE:  412 INR| STATUS: BOUGHT   | TRANSACTION_TIME: 2023-02-28 09:58:40
2023-03-07 16:20:08,244 - INFO - BIDDER: Praveen | INSTRUMENT: Rakuten | BID TYPE: Sell| BID TIME: 09-58-40| BID PRICE:  412 INR| STATUS: SOLD     | TRANSACTION_TIME: 2023-02-28 09:58:40
2023-03-07 16:20:08,244 - INFO - Trades happening in this time interval as follows
2023-03-07 16:20:08,244 - INFO - BIDDER: Shreysi | INSTRUMENT: Rakuten | BID TYPE: Buy | BID TIME: 09-41-40| BID PRICE:  412 INR| STATUS: BOUGHT   | TRANSACTION_TIME: 2023-02-28 09:58:40
2023-03-07 16:20:08,244 - INFO - BIDDER: Praveen | INSTRUMENT: Rakuten | BID TYPE: Sell| BID TIME: 09-58-40| BID PRICE:  412 INR| STATUS: SOLD     | TRANSACTION_TIME: 2023-02-28 09:58:40
2023-03-07 16:20:08,244 - INFO - Trades happening in this time interval as follows
2023-03-07 16:20:08,244 - INFO - BIDDER: Shreysi | INSTRUMENT: Rakuten | BID TYPE: Buy | BID TIME: 09-41-40| BID PRICE:  412 INR| STATUS: BOUGHT   | TRANSACTION_TIME: 2023-02-28 09:58:40
2023-03-07 16:20:08,244 - INFO - BIDDER: Praveen | INSTRUMENT: Rakuten | BID TYPE: Sell| BID TIME: 09-58-40| BID PRICE:  412 INR| STATUS: SOLD     | TRANSACTION_TIME: 2023-02-28 09:58:40
2023-03-07 16:20:08,244 - INFO - Trades happening in this time interval as follows
2023-03-07 16:20:08,244 - INFO - BIDDER: Shreysi | INSTRUMENT: Rakuten | BID TYPE: Buy | BID TIME: 09-41-40| BID PRICE:  412 INR| STATUS: BOUGHT   | TRANSACTION_TIME: 2023-02-28 09:58:40
2023-03-07 16:20:08,244 - INFO - BIDDER: Praveen | INSTRUMENT: Rakuten | BID TYPE: Sell| BID TIME: 09-58-40| BID PRICE:  412 INR| STATUS: SOLD     | TRANSACTION_TIME: 2023-02-28 09:58:40
2023-03-07 16:21:18,993 - INFO - Trades happening in this time interval as follows
2023-03-07 16:21:18,993 - INFO - BIDDER: Vinayak | INSTRUMENT: Rakuten | BID TYPE: Buy | BID TIME: 09-55-05| BID PRICE:  406 INR| STATUS: BOUGHT   | TRANSACTION_TIME: 2023-02-28 09:59:50
2023-03-07 16:21:18,994 - INFO - BIDDER: Praveen | INSTRUMENT: Rakuten | BID TYPE: Sell| BID TIME: 09-59-50| BID PRICE:  406 INR| STATUS: SOLD     | TRANSACTION_TIME: 2023-02-28 09:59:50
2023-03-07 16:21:23,029 - INFO - Trades happening in this time interval as follows
2023-03-07 16:21:23,030 - INFO - BIDDER: Vinayak | INSTRUMENT: Rakuten | BID TYPE: Buy | BID TIME: 09-57-05| BID PRICE:  394 INR| STATUS: BOUGHT   | TRANSACTION_TIME: 2023-02-28 09:59:55
2023-03-07 16:21:23,030 - INFO - BIDDER: Vinayak | INSTRUMENT: Rakuten | BID TYPE: Sell| BID TIME: 09-59-55| BID PRICE:  394 INR| STATUS: SOLD     | TRANSACTION_TIME: 2023-02-28 09:59:55
2023-03-07 16:21:23,030 - INFO - Trades happening in this time interval as follows
2023-03-07 16:21:23,030 - INFO - BIDDER: Vinayak | INSTRUMENT: Rakuten | BID TYPE: Buy | BID TIME: 09-57-05| BID PRICE:  394 INR| STATUS: BOUGHT   | TRANSACTION_TIME: 2023-02-28 09:59:55
2023-03-07 16:21:23,030 - INFO - BIDDER: Vinayak | INSTRUMENT: Rakuten | BID TYPE: Sell| BID TIME: 09-59-55| BID PRICE:  394 INR| STATUS: SOLD     | TRANSACTION_TIME: 2023-02-28 09:59:55
2023-03-07 16:21:23,030 - INFO - Trades happening in this time interval as follows
2023-03-07 16:21:23,030 - INFO - BIDDER: Praveen | INSTRUMENT: Rakuten | BID TYPE: Buy | BID TIME: 09-57-55| BID PRICE:  394 INR| STATUS: BOUGHT   | TRANSACTION_TIME: 2023-02-28 09:59:55
2023-03-07 16:21:23,030 - INFO - BIDDER: Vinayak | INSTRUMENT: Rakuten | BID TYPE: Sell| BID TIME: 09-59-55| BID PRICE:  394 INR| STATUS: SOLD     | TRANSACTION_TIME: 2023-02-28 09:59:55
2023-03-07 16:21:23,030 - INFO - Trades happening in this time interval as follows
2023-03-07 16:21:23,030 - INFO - BIDDER: Praveen | INSTRUMENT: Rakuten | BID TYPE: Buy | BID TIME: 09-57-55| BID PRICE:  394 INR| STATUS: BOUGHT   | TRANSACTION_TIME: 2023-02-28 09:59:55
2023-03-07 16:21:23,030 - INFO - BIDDER: Vinayak | INSTRUMENT: Rakuten | BID TYPE: Sell| BID TIME: 09-59-55| BID PRICE:  394 INR| STATUS: SOLD     | TRANSACTION_TIME: 2023-02-28 09:59:55
2023-03-07 16:21:23,030 - INFO - Trades happening in this time interval as follows
2023-03-07 16:21:23,030 - INFO - BIDDER: Praveen | INSTRUMENT: Rakuten | BID TYPE: Buy | BID TIME: 09-57-55| BID PRICE:  394 INR| STATUS: BOUGHT   | TRANSACTION_TIME: 2023-02-28 09:59:55
2023-03-07 16:21:23,030 - INFO - BIDDER: Vinayak | INSTRUMENT: Rakuten | BID TYPE: Sell| BID TIME: 09-59-55| BID PRICE:  394 INR| STATUS: SOLD     | TRANSACTION_TIME: 2023-02-28 09:59:55
2023-03-07 16:21:23,030 - INFO - Trades happening in this time interval as follows
2023-03-07 16:21:23,030 - INFO - BIDDER: Praveen | INSTRUMENT: Rakuten | BID TYPE: Buy | BID TIME: 09-57-55| BID PRICE:  394 INR| STATUS: BOUGHT   | TRANSACTION_TIME: 2023-02-28 09:59:55
2023-03-07 16:21:23,030 - INFO - BIDDER: Vinayak | INSTRUMENT: Rakuten | BID TYPE: Sell| BID TIME: 09-59-55| BID PRICE:  394 INR| STATUS: SOLD     | TRANSACTION_TIME: 2023-02-28 09:59:55
2023-03-07 16:21:23,030 - INFO - Trades happening in this time interval as follows
2023-03-07 16:21:23,030 - INFO - BIDDER: Praveen | INSTRUMENT: Rakuten | BID TYPE: Buy | BID TIME: 09-57-55| BID PRICE:  394 INR| STATUS: BOUGHT   | TRANSACTION_TIME: 2023-02-28 09:59:55
2023-03-07 16:21:23,030 - INFO - BIDDER: Vinayak | INSTRUMENT: Rakuten | BID TYPE: Sell| BID TIME: 09-59-55| BID PRICE:  394 INR| STATUS: SOLD     | TRANSACTION_TIME: 2023-02-28 09:59:55
